0 info it worked if it ends with ok
1 verbose cli [ 'node', '/usr/local/bin/npm', 'publish' ]
2 info using npm@1.3.11
3 info using node@v0.10.21
4 verbose publish [ '.' ]
5 verbose cache add [ '.', null ]
6 verbose cache add name=undefined spec="." args=[".",null]
7 verbose parsed url { protocol: null,
7 verbose parsed url   slashes: null,
7 verbose parsed url   auth: null,
7 verbose parsed url   host: null,
7 verbose parsed url   port: null,
7 verbose parsed url   hostname: null,
7 verbose parsed url   hash: null,
7 verbose parsed url   search: null,
7 verbose parsed url   query: null,
7 verbose parsed url   pathname: '.',
7 verbose parsed url   path: '.',
7 verbose parsed url   href: '.' }
8 silly lockFile 3a52ce78- .
9 verbose lock . /Users/craig/.npm/3a52ce78-.lock
10 verbose tar pack [ '/var/folders/n1/r96x64mx6jzcbzkbz1ddrw6r0000gn/T/npm-13796-UXLn56Bq/1386363563500-0.9032851138617843/tmp.tgz',
10 verbose tar pack   '.' ]
11 verbose tarball /var/folders/n1/r96x64mx6jzcbzkbz1ddrw6r0000gn/T/npm-13796-UXLn56Bq/1386363563500-0.9032851138617843/tmp.tgz
12 verbose folder .
13 silly lockFile 1f1177db-tar tar://.
14 verbose lock tar://. /Users/craig/.npm/1f1177db-tar.lock
15 silly lockFile 168e0c8e-63500-0-9032851138617843-tmp-tgz tar:///var/folders/n1/r96x64mx6jzcbzkbz1ddrw6r0000gn/T/npm-13796-UXLn56Bq/1386363563500-0.9032851138617843/tmp.tgz
16 verbose lock tar:///var/folders/n1/r96x64mx6jzcbzkbz1ddrw6r0000gn/T/npm-13796-UXLn56Bq/1386363563500-0.9032851138617843/tmp.tgz /Users/craig/.npm/168e0c8e-63500-0-9032851138617843-tmp-tgz.lock
17 silly lockFile 1f1177db-tar tar://.
18 silly lockFile 1f1177db-tar tar://.
19 silly lockFile 168e0c8e-63500-0-9032851138617843-tmp-tgz tar:///var/folders/n1/r96x64mx6jzcbzkbz1ddrw6r0000gn/T/npm-13796-UXLn56Bq/1386363563500-0.9032851138617843/tmp.tgz
20 silly lockFile 168e0c8e-63500-0-9032851138617843-tmp-tgz tar:///var/folders/n1/r96x64mx6jzcbzkbz1ddrw6r0000gn/T/npm-13796-UXLn56Bq/1386363563500-0.9032851138617843/tmp.tgz
21 verbose tar unpack /var/folders/n1/r96x64mx6jzcbzkbz1ddrw6r0000gn/T/npm-13796-UXLn56Bq/1386363563500-0.9032851138617843/tmp.tgz
22 silly lockFile c338c5d0-63500-0-9032851138617843-package tar:///var/folders/n1/r96x64mx6jzcbzkbz1ddrw6r0000gn/T/npm-13796-UXLn56Bq/1386363563500-0.9032851138617843/package
23 verbose lock tar:///var/folders/n1/r96x64mx6jzcbzkbz1ddrw6r0000gn/T/npm-13796-UXLn56Bq/1386363563500-0.9032851138617843/package /Users/craig/.npm/c338c5d0-63500-0-9032851138617843-package.lock
24 silly lockFile 168e0c8e-63500-0-9032851138617843-tmp-tgz tar:///var/folders/n1/r96x64mx6jzcbzkbz1ddrw6r0000gn/T/npm-13796-UXLn56Bq/1386363563500-0.9032851138617843/tmp.tgz
25 verbose lock tar:///var/folders/n1/r96x64mx6jzcbzkbz1ddrw6r0000gn/T/npm-13796-UXLn56Bq/1386363563500-0.9032851138617843/tmp.tgz /Users/craig/.npm/168e0c8e-63500-0-9032851138617843-tmp-tgz.lock
26 silly gunzTarPerm modes [ '755', '644' ]
27 silly gunzTarPerm extractEntry package.json
28 silly gunzTarPerm extractEntry .npmignore
29 silly gunzTarPerm extractEntry README.md
30 silly gunzTarPerm extractEntry .travis.yml
31 silly gunzTarPerm extractEntry coverage/coverage.json
32 silly gunzTarPerm extractEntry coverage/lcov-report/prettify.js
33 silly gunzTarPerm extractEntry coverage/lcov-report/index.html
34 silly gunzTarPerm extractEntry coverage/lcov-report/lib/base.js.html
35 silly gunzTarPerm extractEntry coverage/lcov-report/lib/dom.js.html
36 silly gunzTarPerm extractEntry coverage/lcov-report/lib/ent.js.html
37 silly gunzTarPerm extractEntry coverage/lcov-report/lib/index.html
38 silly gunzTarPerm extractEntry coverage/lcov-report/lib/index.js.html
39 silly gunzTarPerm extractEntry coverage/lcov-report/lib/string.js.html
40 silly gunzTarPerm extractEntry coverage/lcov-report/prettify.css
41 silly gunzTarPerm extractEntry coverage/lcov.info
42 silly gunzTarPerm extractEntry lib/base.js
43 silly gunzTarPerm extractEntry lib/dom.js
44 silly gunzTarPerm extractEntry lib/ent.js
45 silly gunzTarPerm extractEntry lib/index.js
46 silly gunzTarPerm extractEntry lib/string.js
47 silly gunzTarPerm extractEntry makefile
48 silly gunzTarPerm extractEntry test/string-test.js
49 silly lockFile c338c5d0-63500-0-9032851138617843-package tar:///var/folders/n1/r96x64mx6jzcbzkbz1ddrw6r0000gn/T/npm-13796-UXLn56Bq/1386363563500-0.9032851138617843/package
50 silly lockFile c338c5d0-63500-0-9032851138617843-package tar:///var/folders/n1/r96x64mx6jzcbzkbz1ddrw6r0000gn/T/npm-13796-UXLn56Bq/1386363563500-0.9032851138617843/package
51 silly lockFile 168e0c8e-63500-0-9032851138617843-tmp-tgz tar:///var/folders/n1/r96x64mx6jzcbzkbz1ddrw6r0000gn/T/npm-13796-UXLn56Bq/1386363563500-0.9032851138617843/tmp.tgz
52 silly lockFile 168e0c8e-63500-0-9032851138617843-tmp-tgz tar:///var/folders/n1/r96x64mx6jzcbzkbz1ddrw6r0000gn/T/npm-13796-UXLn56Bq/1386363563500-0.9032851138617843/tmp.tgz
53 verbose tar pack [ '/Users/craig/.npm/nofactor/0.0.30/package.tgz',
53 verbose tar pack   '/var/folders/n1/r96x64mx6jzcbzkbz1ddrw6r0000gn/T/npm-13796-UXLn56Bq/1386363563500-0.9032851138617843/package' ]
54 verbose tarball /Users/craig/.npm/nofactor/0.0.30/package.tgz
55 verbose folder /var/folders/n1/r96x64mx6jzcbzkbz1ddrw6r0000gn/T/npm-13796-UXLn56Bq/1386363563500-0.9032851138617843/package
56 silly lockFile c338c5d0-63500-0-9032851138617843-package tar:///var/folders/n1/r96x64mx6jzcbzkbz1ddrw6r0000gn/T/npm-13796-UXLn56Bq/1386363563500-0.9032851138617843/package
57 verbose lock tar:///var/folders/n1/r96x64mx6jzcbzkbz1ddrw6r0000gn/T/npm-13796-UXLn56Bq/1386363563500-0.9032851138617843/package /Users/craig/.npm/c338c5d0-63500-0-9032851138617843-package.lock
58 silly lockFile cafaffee--npm-nofactor-0-0-30-package-tgz tar:///Users/craig/.npm/nofactor/0.0.30/package.tgz
59 verbose lock tar:///Users/craig/.npm/nofactor/0.0.30/package.tgz /Users/craig/.npm/cafaffee--npm-nofactor-0-0-30-package-tgz.lock
60 silly lockFile c338c5d0-63500-0-9032851138617843-package tar:///var/folders/n1/r96x64mx6jzcbzkbz1ddrw6r0000gn/T/npm-13796-UXLn56Bq/1386363563500-0.9032851138617843/package
61 silly lockFile c338c5d0-63500-0-9032851138617843-package tar:///var/folders/n1/r96x64mx6jzcbzkbz1ddrw6r0000gn/T/npm-13796-UXLn56Bq/1386363563500-0.9032851138617843/package
62 silly lockFile cafaffee--npm-nofactor-0-0-30-package-tgz tar:///Users/craig/.npm/nofactor/0.0.30/package.tgz
63 silly lockFile cafaffee--npm-nofactor-0-0-30-package-tgz tar:///Users/craig/.npm/nofactor/0.0.30/package.tgz
64 silly lockFile 960bd45e-raig-npm-nofactor-0-0-30-package /Users/craig/.npm/nofactor/0.0.30/package
65 verbose lock /Users/craig/.npm/nofactor/0.0.30/package /Users/craig/.npm/960bd45e-raig-npm-nofactor-0-0-30-package.lock
66 silly lockFile 960bd45e-raig-npm-nofactor-0-0-30-package /Users/craig/.npm/nofactor/0.0.30/package
67 silly lockFile 960bd45e-raig-npm-nofactor-0-0-30-package /Users/craig/.npm/nofactor/0.0.30/package
68 verbose tar unpack /Users/craig/.npm/nofactor/0.0.30/package.tgz
69 silly lockFile a8dcef9a-raig-npm-nofactor-0-0-30-package tar:///Users/craig/.npm/nofactor/0.0.30/package
70 verbose lock tar:///Users/craig/.npm/nofactor/0.0.30/package /Users/craig/.npm/a8dcef9a-raig-npm-nofactor-0-0-30-package.lock
71 silly lockFile cafaffee--npm-nofactor-0-0-30-package-tgz tar:///Users/craig/.npm/nofactor/0.0.30/package.tgz
72 verbose lock tar:///Users/craig/.npm/nofactor/0.0.30/package.tgz /Users/craig/.npm/cafaffee--npm-nofactor-0-0-30-package-tgz.lock
73 silly gunzTarPerm modes [ '755', '644' ]
74 silly gunzTarPerm extractEntry package.json
75 silly gunzTarPerm extractEntry .npmignore
76 silly gunzTarPerm extractEntry README.md
77 silly gunzTarPerm extractEntry .travis.yml
78 silly gunzTarPerm extractEntry coverage/coverage.json
79 silly gunzTarPerm extractEntry coverage/lcov-report/prettify.js
80 silly gunzTarPerm extractEntry coverage/lcov-report/index.html
81 silly gunzTarPerm extractEntry coverage/lcov-report/lib/base.js.html
82 silly gunzTarPerm extractEntry coverage/lcov-report/lib/dom.js.html
83 silly gunzTarPerm extractEntry coverage/lcov-report/lib/ent.js.html
84 silly gunzTarPerm extractEntry coverage/lcov-report/lib/index.html
85 silly gunzTarPerm extractEntry coverage/lcov-report/lib/index.js.html
86 silly gunzTarPerm extractEntry coverage/lcov-report/lib/string.js.html
87 silly gunzTarPerm extractEntry coverage/lcov-report/prettify.css
88 silly gunzTarPerm extractEntry coverage/lcov.info
89 silly gunzTarPerm extractEntry lib/base.js
90 silly gunzTarPerm extractEntry lib/dom.js
91 silly gunzTarPerm extractEntry lib/ent.js
92 silly gunzTarPerm extractEntry lib/index.js
93 silly gunzTarPerm extractEntry lib/string.js
94 silly gunzTarPerm extractEntry makefile
95 silly gunzTarPerm extractEntry test/string-test.js
96 silly lockFile a8dcef9a-raig-npm-nofactor-0-0-30-package tar:///Users/craig/.npm/nofactor/0.0.30/package
97 silly lockFile a8dcef9a-raig-npm-nofactor-0-0-30-package tar:///Users/craig/.npm/nofactor/0.0.30/package
98 silly lockFile cafaffee--npm-nofactor-0-0-30-package-tgz tar:///Users/craig/.npm/nofactor/0.0.30/package.tgz
99 silly lockFile cafaffee--npm-nofactor-0-0-30-package-tgz tar:///Users/craig/.npm/nofactor/0.0.30/package.tgz
100 verbose chmod /Users/craig/.npm/nofactor/0.0.30/package.tgz 644
101 verbose chown /Users/craig/.npm/nofactor/0.0.30/package.tgz [ 501, 20 ]
102 silly lockFile 3a52ce78- .
103 silly lockFile 3a52ce78- .
104 silly publish { name: 'nofactor',
104 silly publish   version: '0.0.30',
104 silly publish   description: '```javascript var nofactor = require("nofactor"), nostr = nofactor.string;',
104 silly publish   main: './lib/index.js',
104 silly publish   scripts: { test: 'mocha --timeout 100' },
104 silly publish   repository:
104 silly publish    { type: 'git',
104 silly publish      url: 'git://github.com/classdojo/nofactor.js.git' },
104 silly publish   author: '',
104 silly publish   license: 'BSD',
104 silly publish   readmeFilename: 'README.md',
104 silly publish   gitHead: 'c4741b3d1827e440afef573b36a5170e8b30326e',
104 silly publish   dependencies: { bindable: '0.4.x', ent: '0.0.x', protoclass: '0.0.x' },
104 silly publish   devDependencies:
104 silly publish    { 'expect.js': '~0.2.0',
104 silly publish      mocha: '~1.13.0',
104 silly publish      istanbul: '~0.1.46',
104 silly publish      coveralls: '~2.6.0' },
104 silly publish   readme: 'Nofactor is a light DOM API wrapper that\'s supported in node.js, and in the browser (IE 6+, Chrome, Firefox, Opera, Safari). It\'s used for DOM creation / manipulation in [paperclip.js](/classdojo/paperclip.js). [![Alt ci](https://travis-ci.org/classdojo/nofactor.js.png)](https://travis-ci.org/classdojo/nofactor.js)\n\n\n```javascript\nvar nofactor = require("nofactor"),\n\n// pick the default DOM adapter - node, or browser (thin).\nnostr = nofactor.default; \n\n\nvar element = nostr.createElement("div"),\nelement.setAttribute("id", "test");\n\n\nconsole.log(element.toString()); //<div id="test"></div>\n```\n',
104 silly publish   bugs: { url: 'https://github.com/classdojo/nofactor.js/issues' },
104 silly publish   _id: 'nofactor@0.0.30',
104 silly publish   dist: { shasum: 'dbe370eb0477a3b545527ed253201a9ca69b8c30' },
104 silly publish   _from: '.' }
105 verbose url raw nofactor
106 verbose url resolving [ 'http://registry.npmjs.org/', './nofactor' ]
107 verbose url resolved http://registry.npmjs.org/nofactor
108 info trying registry request attempt 1 at 12:59:23
109 http PUT http://registry.npmjs.org/nofactor
110 http 409 http://registry.npmjs.org/nofactor
111 verbose url raw nofactor
112 verbose url resolving [ 'http://registry.npmjs.org/', './nofactor' ]
113 verbose url resolved http://registry.npmjs.org/nofactor
114 info trying registry request attempt 1 at 12:59:24
115 http GET http://registry.npmjs.org/nofactor
116 http 200 http://registry.npmjs.org/nofactor
117 error publish fail Cannot publish over existing version.
117 error publish fail Update the 'version' field in package.json and try again.
117 error publish fail
117 error publish fail If the previous version was published in error, see:
117 error publish fail     npm help unpublish
117 error publish fail
117 error publish fail To automatically increment version numbers, see:
117 error publish fail     npm help version
118 error System Darwin 13.0.0
119 error command "node" "/usr/local/bin/npm" "publish"
120 error cwd /Users/craig/Developer/Public/nofactor.js
121 error node -v v0.10.21
122 error npm -v 1.3.11
123 error code EPUBLISHCONFLICT
124 verbose exit [ 1, true ]
